2026-01-18 16:54:48+08:00 [32minfo[39m: Database connected!
2026-01-18 16:54:48+08:00 [32minfo[39m: Server running at http://localhost:3000
2026-01-18 16:54:56+08:00 [32minfo[39m: GET / [200] - 162ms
2026-01-18 16:55:27+08:00 [32minfo[39m: Database connected!
2026-01-18 16:55:27+08:00 [32minfo[39m: Server running at http://localhost:3000
2026-01-18 16:55:29+08:00 [32minfo[39m: GET /api/product?page=1&category=3&branchId=2&soldBy=KG&details=true [200] - 34ms
2026-01-18 16:56:21+08:00 [32minfo[39m: Database connected!
2026-01-18 16:56:21+08:00 [32minfo[39m: Server running at http://localhost:3000
2026-01-18 17:04:55+08:00 [32minfo[39m: Database connected!
2026-01-18 17:04:55+08:00 [32minfo[39m: Server running at http://localhost:3000
2026-01-18 17:06:14+08:00 [32minfo[39m: Database connected!
2026-01-18 17:06:14+08:00 [32minfo[39m: Server running at http://localhost:3000
2026-01-18 17:06:39+08:00 [32minfo[39m: Database connected!
2026-01-18 17:06:39+08:00 [32minfo[39m: Server running at http://localhost:3000
2026-01-18 17:06:48+08:00 [32minfo[39m: Database connected!
2026-01-18 17:06:48+08:00 [32minfo[39m: Server running at http://localhost:3000
2026-01-18 17:06:57+08:00 [32minfo[39m: Database connected!
2026-01-18 17:06:57+08:00 [32minfo[39m: Server running at http://localhost:3000
2026-01-18 17:08:55+08:00 [32minfo[39m: Database connected!
2026-01-18 17:08:55+08:00 [32minfo[39m: Server running at http://localhost:3000
2026-01-18 17:10:52+08:00 [32minfo[39m: Database connected!
2026-01-18 17:10:52+08:00 [32minfo[39m: Server running at http://localhost:3000
2026-01-18 17:11:07+08:00 [32minfo[39m: Database connected!
2026-01-18 17:11:07+08:00 [32minfo[39m: Server running at http://localhost:3000
2026-01-18 17:12:25+08:00 [32minfo[39m: Database connected!
2026-01-18 17:12:25+08:00 [32minfo[39m: Server running at http://localhost:3000
2026-01-18 17:12:32+08:00 [32minfo[39m: Database connected!
2026-01-18 17:12:32+08:00 [32minfo[39m: Server running at http://localhost:3000
2026-01-18 17:13:10+08:00 [32minfo[39m: Database connected!
2026-01-18 17:13:10+08:00 [32minfo[39m: Server running at http://localhost:3000
2026-01-18 17:13:19+08:00 [32minfo[39m: Database connected!
2026-01-18 17:13:19+08:00 [32minfo[39m: Server running at http://localhost:3000
2026-01-18 17:13:31+08:00 [32minfo[39m: Database connected!
2026-01-18 17:13:31+08:00 [32minfo[39m: Server running at http://localhost:3000
2026-01-18 17:13:48+08:00 [32minfo[39m: Database connected!
2026-01-18 17:13:48+08:00 [32minfo[39m: Server running at http://localhost:3000
2026-01-18 17:14:02+08:00 [32minfo[39m: Database connected!
2026-01-18 17:14:02+08:00 [32minfo[39m: Server running at http://localhost:3000
2026-01-18 17:14:36+08:00 [32minfo[39m: Database connected!
2026-01-18 17:14:36+08:00 [32minfo[39m: Server running at http://localhost:3000
2026-01-18 17:14:49+08:00 [32minfo[39m: Database connected!
2026-01-18 17:14:49+08:00 [32minfo[39m: Server running at http://localhost:3000
2026-01-18 17:15:17+08:00 [32minfo[39m: Database connected!
2026-01-18 17:15:17+08:00 [32minfo[39m: Server running at http://localhost:3000
2026-01-18 17:15:36+08:00 [32minfo[39m: Database connected!
2026-01-18 17:15:36+08:00 [32minfo[39m: Server running at http://localhost:3000
2026-01-18 17:17:26+08:00 [32minfo[39m: Database connected!
2026-01-18 17:17:26+08:00 [32minfo[39m: Server running at http://localhost:3000
2026-01-18 17:18:35+08:00 [32minfo[39m: Database connected!
2026-01-18 17:18:35+08:00 [32minfo[39m: Server running at http://localhost:3000
2026-01-18 17:18:38+08:00 [32minfo[39m: [Cache KEY GENERATED]
2026-01-18 17:18:38+08:00 [32minfo[39m: [Cache MISS]
2026-01-18 17:18:38+08:00 [32minfo[39m: [Cache SET]
2026-01-18 17:18:38+08:00 [32minfo[39m: GET /api/branch [200] - 127ms
2026-01-18 17:18:44+08:00 [32minfo[39m: [Cache KEY GENERATED]
2026-01-18 17:18:44+08:00 [32minfo[39m: [Cache HIT]
2026-01-18 17:18:44+08:00 [32minfo[39m: GET /api/branch [200] - 3ms
2026-01-18 17:20:13+08:00 [32minfo[39m: [Cache KEY GENERATED]
2026-01-18 17:20:13+08:00 [32minfo[39m: [Cache MISS]
2026-01-18 17:20:13+08:00 [32minfo[39m: [Cache SET]
2026-01-18 17:20:13+08:00 [32minfo[39m: GET /api/branch [200] - 255ms
2026-01-18 17:20:17+08:00 [32minfo[39m: [Cache KEY GENERATED]
2026-01-18 17:20:17+08:00 [32minfo[39m: [Cache HIT]
2026-01-18 17:20:17+08:00 [32minfo[39m: GET /api/branch [200] - 4ms
2026-01-18 17:20:19+08:00 [32minfo[39m: [Cache KEY GENERATED]
2026-01-18 17:20:19+08:00 [32minfo[39m: [Cache HIT]
2026-01-18 17:20:19+08:00 [32minfo[39m: GET /api/branch [200] - 4ms
2026-01-18 17:20:21+08:00 [32minfo[39m: [Cache KEY GENERATED]
2026-01-18 17:20:21+08:00 [32minfo[39m: [Cache HIT]
2026-01-18 17:20:21+08:00 [32minfo[39m: GET /api/branch [200] - 19ms
2026-01-18 17:20:24+08:00 [32minfo[39m: [Cache KEY GENERATED]
2026-01-18 17:20:24+08:00 [32minfo[39m: [Cache HIT]
2026-01-18 17:20:24+08:00 [32minfo[39m: GET /api/branch [200] - 4ms
2026-01-18 17:20:37+08:00 [32minfo[39m: [Cache CLEARED]
2026-01-18 17:20:37+08:00 [32minfo[39m: [Cache INVALIDATED]
2026-01-18 17:20:37+08:00 [32minfo[39m: POST /api/branch/ [201] - 182ms
2026-01-18 17:20:43+08:00 [32minfo[39m: [Cache KEY GENERATED]
2026-01-18 17:20:43+08:00 [32minfo[39m: [Cache MISS]
2026-01-18 17:20:43+08:00 [32minfo[39m: [Cache SET]
2026-01-18 17:20:43+08:00 [32minfo[39m: GET /api/branch [200] - 14ms
2026-01-18 17:20:58+08:00 [32minfo[39m: [Cache KEY GENERATED]
2026-01-18 17:20:58+08:00 [32minfo[39m: [Cache HIT]
2026-01-18 17:20:58+08:00 [32minfo[39m: GET /api/branch [200] - 7ms
2026-01-18 17:22:23+08:00 [32minfo[39m: Database connected!
2026-01-18 17:22:23+08:00 [32minfo[39m: Server running at http://localhost:3000
2026-01-18 17:22:27+08:00 [32minfo[39m: [Cache MISS]
2026-01-18 17:22:27+08:00 [32minfo[39m: [Cache SET]
2026-01-18 17:22:27+08:00 [32minfo[39m: GET /api/branch [200] - 183ms
2026-01-18 17:22:39+08:00 [32minfo[39m: [Cache CLEARED]
2026-01-18 17:22:39+08:00 [32minfo[39m: [Cache INVALIDATED]
2026-01-18 17:22:39+08:00 [32minfo[39m: POST /api/branch/ [201] - 104ms
2026-01-18 17:22:44+08:00 [32minfo[39m: [Cache MISS]
2026-01-18 17:22:44+08:00 [32minfo[39m: [Cache SET]
2026-01-18 17:22:44+08:00 [32minfo[39m: GET /api/branch [200] - 79ms
2026-01-18 17:22:53+08:00 [32minfo[39m: [Cache HIT]
2026-01-18 17:22:53+08:00 [32minfo[39m: GET /api/branch [200] - 3ms
2026-01-18 17:30:50+08:00 [32minfo[39m: [Cache MISS]
2026-01-18 17:30:52+08:00 [32minfo[39m: [Cache SET]
2026-01-18 17:30:52+08:00 [32minfo[39m: GET /api/branch [200] - 1643ms
2026-01-18 17:30:55+08:00 [32minfo[39m: [Cache HIT]
2026-01-18 17:30:55+08:00 [32minfo[39m: GET /api/branch [200] - 3ms
2026-01-18 17:30:57+08:00 [32minfo[39m: [Cache HIT]
2026-01-18 17:30:57+08:00 [32minfo[39m: GET /api/branch [200] - 5ms
2026-01-18 17:30:59+08:00 [32minfo[39m: [Cache HIT]
2026-01-18 17:30:59+08:00 [32minfo[39m: GET /api/branch [200] - 2ms
2026-01-18 17:31:00+08:00 [32minfo[39m: [Cache HIT]
2026-01-18 17:31:00+08:00 [32minfo[39m: GET /api/branch [200] - 10ms
2026-01-18 17:31:03+08:00 [32minfo[39m: [Cache HIT]
2026-01-18 17:31:03+08:00 [32minfo[39m: GET /api/branch [200] - 4ms
2026-01-18 17:31:04+08:00 [32minfo[39m: [Cache HIT]
2026-01-18 17:31:04+08:00 [32minfo[39m: GET /api/branch [200] - 2ms
2026-01-18 17:32:11+08:00 [32minfo[39m: Database connected!
2026-01-18 17:32:11+08:00 [32minfo[39m: Server running at http://localhost:3000
2026-01-18 17:32:30+08:00 [32minfo[39m: Database connected!
2026-01-18 17:32:30+08:00 [32minfo[39m: Server running at http://localhost:3000
2026-01-18 17:32:36+08:00 [32minfo[39m: [Cache MISS]
2026-01-18 17:32:36+08:00 [32minfo[39m: [Cache SET]
2026-01-18 17:32:36+08:00 [32minfo[39m: GET /api/branch [200] - 137ms
2026-01-18 17:32:38+08:00 [32minfo[39m: [Cache HIT]
2026-01-18 17:32:38+08:00 [32minfo[39m: GET /api/branch [200] - 6ms
2026-01-18 17:32:44+08:00 [32minfo[39m: [Cache HIT]
2026-01-18 17:32:44+08:00 [32minfo[39m: GET /api/branch [200] - 3ms
2026-01-18 17:35:26+08:00 [32minfo[39m: Database connected!
2026-01-18 17:35:26+08:00 [32minfo[39m: Server running at http://localhost:3000
2026-01-18 17:35:47+08:00 [32minfo[39m: Database connected!
2026-01-18 17:35:47+08:00 [32minfo[39m: Server running at http://localhost:3000
2026-01-18 17:35:50+08:00 [32minfo[39m: [Cache MISS]
2026-01-18 17:35:50+08:00 [32minfo[39m: [Cache SET]
2026-01-18 17:35:50+08:00 [32minfo[39m: GET /api/branch [200] - 117ms
2026-01-18 17:36:10+08:00 [32minfo[39m: Database connected!
2026-01-18 17:36:10+08:00 [32minfo[39m: Server running at http://localhost:3000
2026-01-18 17:36:12+08:00 [32minfo[39m: [Cache MISS]
2026-01-18 17:36:12+08:00 [32minfo[39m: [Cache SET]
2026-01-18 17:36:12+08:00 [32minfo[39m: GET /api/branch [200] - 146ms
2026-01-18 17:36:18+08:00 [32minfo[39m: [Cache HIT]
2026-01-18 17:36:18+08:00 [32minfo[39m: GET /api/branch [200] - 3ms
2026-01-18 17:38:39+08:00 [32minfo[39m: Database connected!
2026-01-18 17:38:39+08:00 [32minfo[39m: Server running at http://localhost:3000
2026-01-18 17:38:46+08:00 [32minfo[39m: Database connected!
2026-01-18 17:38:46+08:00 [32minfo[39m: Server running at http://localhost:3000
2026-01-18 17:38:59+08:00 [32minfo[39m: Database connected!
2026-01-18 17:38:59+08:00 [32minfo[39m: Server running at http://localhost:3000
2026-01-18 17:39:05+08:00 [32minfo[39m: [REQUEST]
2026-01-18 17:39:05+08:00 [32minfo[39m: [Cache MISS]
2026-01-18 17:39:05+08:00 [32minfo[39m: [Cache SET]
2026-01-18 17:39:05+08:00 [32minfo[39m: GET /api/branch [200] - 178ms
2026-01-18 17:39:22+08:00 [32minfo[39m: Database connected!
2026-01-18 17:39:22+08:00 [32minfo[39m: Server running at http://localhost:3000
2026-01-18 17:39:41+08:00 [32minfo[39m: Database connected!
2026-01-18 17:39:41+08:00 [32minfo[39m: Server running at http://localhost:3000
2026-01-18 17:39:43+08:00 [32minfo[39m: === CACHE CHECK STARTED ===
2026-01-18 17:39:43+08:00 [32minfo[39m: [Cache MISS]
2026-01-18 17:39:43+08:00 [32minfo[39m: [Cache SET]
2026-01-18 17:39:43+08:00 [32minfo[39m: GET /api/branch [200] - 138ms
2026-01-18 17:39:48+08:00 [32minfo[39m: === CACHE CHECK STARTED ===
2026-01-18 17:39:48+08:00 [32minfo[39m: [Cache HIT]
2026-01-18 17:39:48+08:00 [32minfo[39m: GET /api/branch [200] - 17ms
2026-01-18 17:39:56+08:00 [32minfo[39m: === CACHE CHECK STARTED ===
2026-01-18 17:39:56+08:00 [32minfo[39m: [Cache HIT]
2026-01-18 17:39:56+08:00 [32minfo[39m: GET /api/branch [200] - 5ms
2026-01-18 17:40:18+08:00 [32minfo[39m: Database connected!
2026-01-18 17:40:18+08:00 [32minfo[39m: Server running at http://localhost:3000
2026-01-18 17:51:22+08:00 [32minfo[39m: [Cache MISS]
2026-01-18 17:51:23+08:00 [32minfo[39m: [Cache SET]
2026-01-18 17:51:23+08:00 [32minfo[39m: GET /api/branch [200] - 364ms
2026-01-18 17:51:25+08:00 [32minfo[39m: [Cache HIT]
2026-01-18 17:51:25+08:00 [32minfo[39m: GET /api/branch [200] - 5ms
2026-01-18 17:51:28+08:00 [32minfo[39m: [Cache HIT]
2026-01-18 17:51:28+08:00 [32minfo[39m: GET /api/branch [200] - 3ms
2026-01-18 17:52:06+08:00 [32minfo[39m: Database connected!
2026-01-18 17:52:06+08:00 [32minfo[39m: Server running at http://localhost:3000
2026-01-18 17:52:36+08:00 [32minfo[39m: Database connected!
2026-01-18 17:52:36+08:00 [32minfo[39m: Server running at http://localhost:3000
2026-01-18 17:52:59+08:00 [32minfo[39m: Database connected!
2026-01-18 17:52:59+08:00 [32minfo[39m: Server running at http://localhost:3000
2026-01-18 17:54:00+08:00 [32minfo[39m: Database connected!
2026-01-18 17:54:00+08:00 [32minfo[39m: Server running at http://localhost:3000
2026-01-18 17:54:42+08:00 [32minfo[39m: Database connected!
2026-01-18 17:54:42+08:00 [32minfo[39m: Server running at http://localhost:3000
2026-01-18 17:56:19+08:00 [32minfo[39m: Database connected!
2026-01-18 17:56:19+08:00 [32minfo[39m: Server running at http://localhost:3000
2026-01-18 17:56:32+08:00 [32minfo[39m: Database connected!
2026-01-18 17:56:32+08:00 [32minfo[39m: Server running at http://localhost:3000
2026-01-18 17:56:51+08:00 [32minfo[39m: Database connected!
2026-01-18 17:56:51+08:00 [32minfo[39m: Server running at http://localhost:3000
2026-01-18 17:57:08+08:00 [32minfo[39m: Database connected!
2026-01-18 17:57:08+08:00 [32minfo[39m: Server running at http://localhost:3000
2026-01-18 17:57:29+08:00 [32minfo[39m: Database connected!
2026-01-18 17:57:29+08:00 [32minfo[39m: Server running at http://localhost:3000
2026-01-18 17:58:29+08:00 [32minfo[39m: Database connected!
2026-01-18 17:58:29+08:00 [32minfo[39m: Server running at http://localhost:3000
2026-01-18 17:59:22+08:00 [32minfo[39m: Database connected!
2026-01-18 17:59:22+08:00 [32minfo[39m: Server running at http://localhost:3000
2026-01-18 17:59:42+08:00 [32minfo[39m: Database connected!
2026-01-18 17:59:42+08:00 [32minfo[39m: Server running at http://localhost:3000
2026-01-18 18:01:00+08:00 [32minfo[39m: Database connected!
2026-01-18 18:01:00+08:00 [32minfo[39m: Server running at http://localhost:3000
2026-01-18 18:01:19+08:00 [32minfo[39m: Database connected!
2026-01-18 18:01:19+08:00 [32minfo[39m: Server running at http://localhost:3000
2026-01-18 18:01:30+08:00 [32minfo[39m: Database connected!
2026-01-18 18:01:30+08:00 [32minfo[39m: Server running at http://localhost:3000
2026-01-18 18:02:49+08:00 [32minfo[39m: Database connected!
2026-01-18 18:02:49+08:00 [32minfo[39m: Server running at http://localhost:3000
2026-01-18 18:03:17+08:00 [32minfo[39m: Database connected!
2026-01-18 18:03:17+08:00 [32minfo[39m: Server running at http://localhost:3000
2026-01-18 18:03:38+08:00 [32minfo[39m: Database connected!
2026-01-18 18:03:38+08:00 [32minfo[39m: Server running at http://localhost:3000
2026-01-18 18:04:11+08:00 [32minfo[39m: Database connected!
2026-01-18 18:04:11+08:00 [32minfo[39m: Server running at http://localhost:3000
2026-01-18 18:04:23+08:00 [32minfo[39m: Database connected!
2026-01-18 18:04:23+08:00 [32minfo[39m: Server running at http://localhost:3000
2026-01-18 18:05:23+08:00 [32minfo[39m: Database connected!
2026-01-18 18:05:23+08:00 [32minfo[39m: Server running at http://localhost:3000
2026-01-18 18:06:28+08:00 [32minfo[39m: Database connected!
2026-01-18 18:06:28+08:00 [32minfo[39m: Server running at http://localhost:3000
2026-01-18 18:08:10+08:00 [32minfo[39m: Database connected!
2026-01-18 18:08:10+08:00 [32minfo[39m: Server running at http://localhost:3000
2026-01-18 18:08:20+08:00 [32minfo[39m: Database connected!
2026-01-18 18:08:20+08:00 [32minfo[39m: Server running at http://localhost:3000
2026-01-18 18:08:54+08:00 [32minfo[39m: Database connected!
2026-01-18 18:08:54+08:00 [32minfo[39m: Server running at http://localhost:3000
2026-01-18 18:09:05+08:00 [32minfo[39m: Database connected!
2026-01-18 18:09:05+08:00 [32minfo[39m: Server running at http://localhost:3000
2026-01-18 18:09:29+08:00 [32minfo[39m: Database connected!
2026-01-18 18:09:29+08:00 [32minfo[39m: Server running at http://localhost:3000
2026-01-18 18:09:57+08:00 [32minfo[39m: Database connected!
2026-01-18 18:09:57+08:00 [32minfo[39m: Server running at http://localhost:3000
2026-01-18 18:10:19+08:00 [32minfo[39m: Database connected!
2026-01-18 18:10:19+08:00 [32minfo[39m: Server running at http://localhost:3000
2026-01-18 18:11:04+08:00 [32minfo[39m: Database connected!
2026-01-18 18:11:04+08:00 [32minfo[39m: Server running at http://localhost:3000
2026-01-18 18:11:51+08:00 [32minfo[39m: Database connected!
2026-01-18 18:11:51+08:00 [32minfo[39m: Server running at http://localhost:3000
2026-01-18 18:13:31+08:00 [32minfo[39m: Database connected!
2026-01-18 18:13:31+08:00 [32minfo[39m: Server running at http://localhost:3000
2026-01-18 18:42:45+08:00 [32minfo[39m: Database connected!
2026-01-18 18:42:45+08:00 [32minfo[39m: Server running at http://localhost:3000
2026-01-18 18:42:55+08:00 [32minfo[39m: [Cache MISS]
2026-01-18 18:42:55+08:00 [32minfo[39m: [Cache SET]
2026-01-18 18:42:55+08:00 [32minfo[39m: GET /api/branch [200] - 154ms
2026-01-18 18:42:57+08:00 [32minfo[39m: [Cache HIT]
2026-01-18 18:42:57+08:00 [32minfo[39m: GET /api/branch [200] - 3ms
2026-01-18 18:45:07+08:00 [32minfo[39m: [Cache MISS]
2026-01-18 18:45:07+08:00 [32minfo[39m: [Cache SET]
2026-01-18 18:45:07+08:00 [32minfo[39m: GET /api/branch [200] - 335ms
2026-01-18 18:45:11+08:00 [32minfo[39m: [Cache HIT]
2026-01-18 18:45:11+08:00 [32minfo[39m: GET /api/branch [200] - 3ms
2026-01-18 18:46:05+08:00 [32minfo[39m: Database connected!
2026-01-18 18:46:05+08:00 [32minfo[39m: Server running at http://localhost:3000
2026-01-18 18:46:55+08:00 [32minfo[39m: Database connected!
2026-01-18 18:46:55+08:00 [32minfo[39m: Server running at http://localhost:3000
2026-01-18 18:47:10+08:00 [32minfo[39m: Database connected!
2026-01-18 18:47:10+08:00 [32minfo[39m: Server running at http://localhost:3000
2026-01-18 18:47:35+08:00 [32minfo[39m: Database connected!
2026-01-18 18:47:35+08:00 [32minfo[39m: Server running at http://localhost:3000
2026-01-18 18:47:53+08:00 [32minfo[39m: Database connected!
2026-01-18 18:47:53+08:00 [32minfo[39m: Server running at http://localhost:3000
2026-01-18 18:48:04+08:00 [32minfo[39m: Database connected!
2026-01-18 18:48:04+08:00 [32minfo[39m: Server running at http://localhost:3000
2026-01-18 18:48:41+08:00 [32minfo[39m: Database connected!
2026-01-18 18:48:41+08:00 [32minfo[39m: Server running at http://localhost:3000
2026-01-18 18:49:04+08:00 [32minfo[39m: [Cache MISS]
2026-01-18 18:49:05+08:00 [31merror[39m: TypeError: Do not know how to serialize a BigInt
    at JSON.stringify (<anonymous>)
    at ServerResponse.res.json (C:\Users\Matthew\Videos\Inventory System Application\backend\src\middlewares\cacheMiddleware.ts:53:27)
    at TransactionController.<anonymous> (C:\Users\Matthew\Videos\Inventory System Application\backend\src\controllers\transaction.controller.ts:24:32)
    at Generator.next (<anonymous>)
    at fulfilled (C:\Users\Matthew\Videos\Inventory System Application\backend\src\controllers\transaction.controller.ts:5:58)
    at processTicksAndRejections (node:internal/process/task_queues:105:5)
2026-01-18 18:49:05+08:00 [32minfo[39m: [Cache SET]
2026-01-18 18:49:05+08:00 [31merror[39m: GET /api/transaction?limit=20 [500] - 360ms
2026-01-18 18:49:07+08:00 [32minfo[39m: [Cache HIT]
2026-01-18 18:49:07+08:00 [32minfo[39m: GET /api/transaction?limit=20 [200] - 8ms
2026-01-18 18:50:01+08:00 [32minfo[39m: [Cache HIT]
2026-01-18 18:50:01+08:00 [32minfo[39m: GET /api/transaction?limit=20 [200] - 4ms
2026-01-18 18:50:33+08:00 [32minfo[39m: Database connected!
2026-01-18 18:50:33+08:00 [32minfo[39m: Server running at http://localhost:3000
2026-01-18 18:50:36+08:00 [32minfo[39m: [Cache MISS]
2026-01-18 18:50:36+08:00 [31merror[39m: TypeError: Do not know how to serialize a BigInt
    at JSON.stringify (<anonymous>)
    at ServerResponse.res.json (C:\Users\Matthew\Videos\Inventory System Application\backend\src\middlewares\cacheMiddleware.ts:53:27)
    at TransactionController.<anonymous> (C:\Users\Matthew\Videos\Inventory System Application\backend\src\controllers\transaction.controller.ts:24:32)
    at Generator.next (<anonymous>)
    at fulfilled (C:\Users\Matthew\Videos\Inventory System Application\backend\src\controllers\transaction.controller.ts:5:58)
    at processTicksAndRejections (node:internal/process/task_queues:105:5)
2026-01-18 18:50:36+08:00 [32minfo[39m: [Cache SET]
2026-01-18 18:50:36+08:00 [31merror[39m: GET /api/transaction?limit=20 [500] - 314ms
2026-01-18 19:02:08+08:00 [32minfo[39m: Database connected!
2026-01-18 19:02:08+08:00 [32minfo[39m: Server running at http://localhost:3000
2026-01-18 19:02:33+08:00 [32minfo[39m: Database connected!
2026-01-18 19:02:33+08:00 [32minfo[39m: Server running at http://localhost:3000
2026-01-18 19:04:25+08:00 [32minfo[39m: Database connected!
2026-01-18 19:04:25+08:00 [32minfo[39m: Server running at http://localhost:3000
2026-01-18 19:04:26+08:00 [32minfo[39m: [Cache MISS]
2026-01-18 19:04:26+08:00 [32minfo[39m: [Cache SET]
2026-01-18 19:04:26+08:00 [31merror[39m: TypeError: Do not know how to serialize a BigInt
    at JSON.stringify (<anonymous>)
    at stringify (C:\Users\Matthew\Videos\Inventory System Application\backend\node_modules\express\lib\response.js:1034:12)
    at ServerResponse.json (C:\Users\Matthew\Videos\Inventory System Application\backend\node_modules\express\lib\response.js:245:14)
    at ServerResponse.res.json (C:\Users\Matthew\Videos\Inventory System Application\backend\src\middlewares\cacheMiddleware.ts:87:16)
    at TransactionController.<anonymous> (C:\Users\Matthew\Videos\Inventory System Application\backend\src\controllers\transaction.controller.ts:24:32)
    at Generator.next (<anonymous>)
    at fulfilled (C:\Users\Matthew\Videos\Inventory System Application\backend\src\controllers\transaction.controller.ts:5:58)
    at processTicksAndRejections (node:internal/process/task_queues:105:5)
2026-01-18 19:04:26+08:00 [32minfo[39m: [Cache SET]
2026-01-18 19:04:26+08:00 [31merror[39m: GET /api/transaction?limit=20 [500] - 382ms
2026-01-18 19:04:33+08:00 [32minfo[39m: [Cache HIT]
2026-01-18 19:04:33+08:00 [32minfo[39m: GET /api/transaction?limit=20 [200] - 17ms
2026-01-18 19:05:36+08:00 [32minfo[39m: Database connected!
2026-01-18 19:05:36+08:00 [32minfo[39m: Server running at http://localhost:3000
2026-01-18 19:05:48+08:00 [32minfo[39m: Database connected!
2026-01-18 19:05:48+08:00 [32minfo[39m: Server running at http://localhost:3000
2026-01-18 19:25:43+08:00 [32minfo[39m: Database connected!
2026-01-18 19:25:43+08:00 [32minfo[39m: Server running at http://localhost:3000
2026-01-18 19:25:53+08:00 [32minfo[39m: [Cache MISS]
2026-01-18 19:25:53+08:00 [32minfo[39m: [Cache SET]
2026-01-18 19:25:53+08:00 [32minfo[39m: GET /api/transaction?limit=20 [200] - 168ms
2026-01-18 19:25:59+08:00 [32minfo[39m: [Cache HIT]
2026-01-18 19:25:59+08:00 [32minfo[39m: GET /api/transaction?limit=20 [200] - 24ms
2026-01-18 22:20:56+08:00 [32minfo[39m: [Cache MISS]
2026-01-18 22:20:57+08:00 [32minfo[39m: [Cache SET]
2026-01-18 22:20:57+08:00 [32minfo[39m: GET /api/transaction?limit=20 [200] - 463ms
2026-01-18 22:20:58+08:00 [32minfo[39m: [Cache HIT]
2026-01-18 22:20:58+08:00 [32minfo[39m: GET /api/transaction?limit=20 [200] - 6ms
2026-01-18 23:09:22+08:00 [32minfo[39m: Database connected!
2026-01-18 23:09:22+08:00 [32minfo[39m: Server running at http://localhost:3000
2026-01-18 23:11:35+08:00 [32minfo[39m: Database connected!
2026-01-18 23:11:35+08:00 [32minfo[39m: Server running at http://localhost:3000
2026-01-18 23:12:24+08:00 [32minfo[39m: Database connected!
2026-01-18 23:12:24+08:00 [32minfo[39m: Server running at http://localhost:3000
2026-01-18 23:12:50+08:00 [32minfo[39m: Database connected!
2026-01-18 23:12:50+08:00 [32minfo[39m: Server running at http://localhost:3000
2026-01-18 23:14:58+08:00 [32minfo[39m: Database connected!
2026-01-18 23:14:58+08:00 [32minfo[39m: Server running at http://localhost:3000
2026-01-18 23:15:20+08:00 [32minfo[39m: Database connected!
2026-01-18 23:15:20+08:00 [32minfo[39m: Server running at http://localhost:3000
2026-01-18 23:15:37+08:00 [32minfo[39m: Database connected!
2026-01-18 23:15:37+08:00 [32minfo[39m: Server running at http://localhost:3000
2026-01-18 23:15:53+08:00 [32minfo[39m: Database connected!
2026-01-18 23:15:53+08:00 [32minfo[39m: Server running at http://localhost:3000
2026-01-18 23:16:16+08:00 [32minfo[39m: Database connected!
2026-01-18 23:16:16+08:00 [32minfo[39m: Server running at http://localhost:3000
2026-01-18 23:16:38+08:00 [32minfo[39m: Database connected!
2026-01-18 23:16:38+08:00 [32minfo[39m: Server running at http://localhost:3000
2026-01-18 23:16:59+08:00 [32minfo[39m: Database connected!
2026-01-18 23:16:59+08:00 [32minfo[39m: Server running at http://localhost:3000
2026-01-18 23:17:17+08:00 [32minfo[39m: Database connected!
2026-01-18 23:17:17+08:00 [32minfo[39m: Server running at http://localhost:3000
2026-01-18 23:18:19+08:00 [32minfo[39m: Database connected!
2026-01-18 23:18:19+08:00 [32minfo[39m: Server running at http://localhost:3000
2026-01-18 23:19:23+08:00 [32minfo[39m: Database connected!
2026-01-18 23:19:23+08:00 [32minfo[39m: Server running at http://localhost:3000
2026-01-18 23:19:43+08:00 [32minfo[39m: [Cache CLEARED]
2026-01-18 23:19:43+08:00 [32minfo[39m: [Cache INVALIDATED]
2026-01-18 23:19:43+08:00 [32minfo[39m: POST /api/branch/ [201] - 239ms
2026-01-18 23:19:49+08:00 [32minfo[39m: [Cache CLEARED]
2026-01-18 23:19:49+08:00 [32minfo[39m: [Cache INVALIDATED]
2026-01-18 23:19:49+08:00 [32minfo[39m: POST /api/category [201] - 27ms
2026-01-18 23:19:52+08:00 [32minfo[39m: [Cache CLEARED]
2026-01-18 23:19:52+08:00 [32minfo[39m: [Cache INVALIDATED]
2026-01-18 23:19:52+08:00 [32minfo[39m: POST /api/product [201] - 92ms
2026-01-18 23:21:17+08:00 [32minfo[39m: Database connected!
2026-01-18 23:21:17+08:00 [32minfo[39m: Server running at http://localhost:3000
2026-01-18 23:21:30+08:00 [32minfo[39m: [Cache MISS]
2026-01-18 23:21:31+08:00 [32minfo[39m: [Cache SET]
2026-01-18 23:21:31+08:00 [32minfo[39m: GET /api/category [200] - 246ms
2026-01-18 23:22:21+08:00 [32minfo[39m: [Cache MISS]
2026-01-18 23:22:21+08:00 [32minfo[39m: [Cache SET]
2026-01-18 23:22:21+08:00 [32minfo[39m: GET /api/stock/search?productId=1 [200] - 128ms
2026-01-18 23:22:25+08:00 [32minfo[39m: [Cache MISS]
2026-01-18 23:22:26+08:00 [32minfo[39m: [Cache SET]
2026-01-18 23:22:26+08:00 [32minfo[39m: GET /api/stock [200] - 97ms
2026-01-18 23:22:30+08:00 [32minfo[39m: [Cache MISS]
2026-01-18 23:22:30+08:00 [32minfo[39m: [Cache SET]
2026-01-18 23:22:30+08:00 [32minfo[39m: GET /api/transaction?limit=20 [200] - 47ms
2026-01-18 23:22:53+08:00 [32minfo[39m: Database connected!
2026-01-18 23:22:53+08:00 [32minfo[39m: Server running at http://localhost:3000
2026-01-18 23:24:01+08:00 [32minfo[39m: Database connected!
2026-01-18 23:24:01+08:00 [32minfo[39m: Server running at http://localhost:3000
2026-01-18 23:24:03+08:00 [32minfo[39m: [Cache MISS]
2026-01-18 23:24:03+08:00 [32minfo[39m: [Cache SET]
2026-01-18 23:24:03+08:00 [32minfo[39m: GET /api/report/branch/1 [200] - 159ms
2026-01-18 23:24:09+08:00 [32minfo[39m: [Cache HIT]
2026-01-18 23:24:09+08:00 [32minfo[39m: GET /api/report/branch/1 [200] - 5ms
2026-01-18 23:24:12+08:00 [32minfo[39m: [Cache HIT]
2026-01-18 23:24:12+08:00 [32minfo[39m: GET /api/report/branch/1 [200] - 2ms
2026-01-18 23:24:33+08:00 [32minfo[39m: [Cache MISS]
2026-01-18 23:24:33+08:00 [32minfo[39m: [Cache SET]
2026-01-18 23:24:33+08:00 [32minfo[39m: GET /api/report/branch [200] - 105ms
2026-01-18 23:24:41+08:00 [32minfo[39m: [Cache HIT]
2026-01-18 23:24:41+08:00 [32minfo[39m: GET /api/report/branch [200] - 2ms
2026-01-18 23:24:43+08:00 [32minfo[39m: [Cache HIT]
2026-01-18 23:24:43+08:00 [32minfo[39m: GET /api/report/branch [200] - 3ms
2026-01-18 23:24:59+08:00 [31merror[39m: POST /api/transaction [400] - 7ms
2026-01-18 23:25:31+08:00 [31merror[39m: POST /api/transaction [400] - 2ms
2026-01-18 23:26:44+08:00 [31merror[39m: POST /api/transaction [400] - 8ms
2026-01-18 23:26:50+08:00 [31merror[39m: POST /api/transaction [400] - 3ms
2026-01-18 23:27:49+08:00 [32minfo[39m: Database connected!
2026-01-18 23:27:49+08:00 [32minfo[39m: Server running at http://localhost:3000
2026-01-18 23:28:02+08:00 [32minfo[39m: [Cache MISS]
2026-01-18 23:28:03+08:00 [32minfo[39m: [Cache SET]
2026-01-18 23:28:03+08:00 [32minfo[39m: GET /api/report/branch [200] - 168ms
2026-01-18 23:28:09+08:00 [32minfo[39m: Create purchase transaction
2026-01-18 23:28:09+08:00 [32minfo[39m: [object Object]
2026-01-18 23:28:09+08:00 [32minfo[39m: [Cache CLEARED]
2026-01-18 23:28:09+08:00 [32minfo[39m: [Cache CLEARED]
2026-01-18 23:28:09+08:00 [32minfo[39m: [Cache CLEARED]
2026-01-18 23:28:09+08:00 [32minfo[39m: [Cache CLEARED]
2026-01-18 23:28:09+08:00 [32minfo[39m: [Cache INVALIDATED]
2026-01-18 23:28:09+08:00 [32minfo[39m: POST /api/transaction [200] - 193ms
2026-01-18 23:28:21+08:00 [32minfo[39m: [Cache MISS]
2026-01-18 23:28:21+08:00 [32minfo[39m: [Cache SET]
2026-01-18 23:28:21+08:00 [32minfo[39m: GET /api/report/branch [200] - 96ms
2026-01-18 23:28:26+08:00 [32minfo[39m: [Cache HIT]
2026-01-18 23:28:26+08:00 [32minfo[39m: GET /api/report/branch [200] - 2ms
2026-01-18 23:28:40+08:00 [32minfo[39m: Create sale transaction
2026-01-18 23:28:40+08:00 [32minfo[39m: [object Object]
2026-01-18 23:28:40+08:00 [32minfo[39m: [Cache CLEARED]
2026-01-18 23:28:40+08:00 [32minfo[39m: [Cache CLEARED]
2026-01-18 23:28:40+08:00 [32minfo[39m: [Cache CLEARED]
2026-01-18 23:28:40+08:00 [32minfo[39m: [Cache CLEARED]
2026-01-18 23:28:40+08:00 [32minfo[39m: [Cache INVALIDATED]
2026-01-18 23:28:40+08:00 [32minfo[39m: POST /api/transaction [200] - 202ms
2026-01-18 23:28:46+08:00 [32minfo[39m: [Cache MISS]
2026-01-18 23:28:46+08:00 [32minfo[39m: [Cache SET]
2026-01-18 23:28:46+08:00 [32minfo[39m: GET /api/report/branch [200] - 51ms
2026-01-18 23:28:53+08:00 [32minfo[39m: [Cache HIT]
2026-01-18 23:28:53+08:00 [32minfo[39m: GET /api/report/branch [200] - 3ms
